<?xml version="1.0" encoding="UTF-8"?>
<!-- Generated by org.testng.reporters.JUnitReportReporter -->
<testsuite hostname="win2019" failures="0" tests="1" name="com.BrowserCommands.TestBrowserCommands" time="6.973" errors="0" timestamp="2024-08-20T02:07:36 PDT" skipped="0">
  <testcase classname="com.BrowserCommands.TestBrowserCommands" name="BrowserCommandTest" time="6.973"/>
  <system-out/>
</testsuite> <!-- com.BrowserCommands.TestBrowserCommands -->
